ERROR - 2022-06-22 16:03:28 --> Error connecting to the database: Nenhuma conexão pôde ser feita porque a máquina de destino as recusou ativamente.

CRITICAL - 2022-06-22 16:03:28 --> Unable to connect to the database.
Main connection [MySQLi]: Nenhuma conexão pôde ser feita porque a máquina de destino as recusou ativamente.

#0 C:\xampp\htdocs\food\system\Database\BaseConnection.php(577): CodeIgniter\Database\BaseConnection->initialize()
#1 C:\xampp\htdocs\food\system\Database\BaseBuilder.php(1539): CodeIgniter\Database\BaseConnection->query('SELECT COUNT(*)...', Array, false)
#2 C:\xampp\htdocs\food\system\Model.php(509): CodeIgniter\Database\BaseBuilder->countAllResults(false)
#3 C:\xampp\htdocs\food\system\BaseModel.php(1084): CodeIgniter\Model->countAllResults(false)
#4 C:\xampp\htdocs\food\app\Controllers\Admin\Usuarios.php(23): CodeIgniter\BaseModel->paginate(2)
#5 C:\xampp\htdocs\food\system\CodeIgniter.php(832): App\Controllers\Admin\Usuarios->index()
#6 C:\xampp\htdocs\food\system\CodeIgniter.php(419): CodeIgniter\CodeIgniter->runController(Object(App\Controllers\Admin\Usuarios))
#7 C:\xampp\htdocs\food\system\CodeIgniter.php(326): CodeIgniter\CodeIgniter->handleRequest(NULL, Object(Config\Cache), false)
#8 C:\xampp\htdocs\food\public\index.php(37): CodeIgniter\CodeIgniter->run()
#9 C:\xampp\htdocs\food\system\Commands\Server\rewrite.php(43): require_once('C:\\xampp\\htdocs...')
#10 {main}
CRITICAL - 2022-06-22 18:00:41 --> Class 'App\Libraries\Autenticacao' not found
#0 C:\xampp\htdocs\food\system\Config\BaseService.php(189): Config\Services::autenticacao(false)
#1 C:\xampp\htdocs\food\app\Config\Services.php(13): CodeIgniter\Config\BaseService::getSharedInstance('autenticacao')
#2 C:\xampp\htdocs\food\system\Common.php(929): Config\Services::autenticacao()
#3 C:\xampp\htdocs\food\app\Controllers\Admin\Usuarios.php(21): service('autenticacao')
#4 C:\xampp\htdocs\food\system\CodeIgniter.php(832): App\Controllers\Admin\Usuarios->index()
#5 C:\xampp\htdocs\food\system\CodeIgniter.php(419): CodeIgniter\CodeIgniter->runController(Object(App\Controllers\Admin\Usuarios))
#6 C:\xampp\htdocs\food\system\CodeIgniter.php(326): CodeIgniter\CodeIgniter->handleRequest(NULL, Object(Config\Cache), false)
#7 C:\xampp\htdocs\food\public\index.php(37): CodeIgniter\CodeIgniter->run()
#8 C:\xampp\htdocs\food\system\Commands\Server\rewrite.php(43): require_once('C:\\xampp\\htdocs...')
#9 {main}
