CRITICAL - 2022-07-27 17:46:32 --> Call to a member function humanize() on string
#0 C:\xampp\htdocs\food\system\View\View.php(210): include()
#1 C:\xampp\htdocs\food\system\View\View.php(213): CodeIgniter\View\View->CodeIgniter\View\{closure}()
#2 C:\xampp\htdocs\food\system\Common.php(1089): CodeIgniter\View\View->render('Admin/Categoria...', Array, true)
#3 C:\xampp\htdocs\food\app\Controllers\Admin\Categorias.php(28): view('Admin/Categoria...', Array)
#4 C:\xampp\htdocs\food\system\CodeIgniter.php(832): App\Controllers\Admin\Categorias->index()
#5 C:\xampp\htdocs\food\system\CodeIgniter.php(419): CodeIgniter\CodeIgniter->runController(Object(App\Controllers\Admin\Categorias))
#6 C:\xampp\htdocs\food\system\CodeIgniter.php(326): CodeIgniter\CodeIgniter->handleRequest(NULL, Object(Config\Cache), false)
#7 C:\xampp\htdocs\food\public\index.php(37): CodeIgniter\CodeIgniter->run()
#8 C:\xampp\htdocs\food\system\Commands\Server\rewrite.php(43): require_once('C:\\xampp\\htdocs...')
#9 {main}
CRITICAL - 2022-07-27 17:46:39 --> Trying to get property 'humanize' of non-object
#0 C:\xampp\htdocs\food\app\Views\Admin\Categorias\index.php(50): CodeIgniter\Debug\Exceptions->errorHandler(8, 'Trying to get p...', 'C:\\xampp\\htdocs...', 50, Array)
#1 C:\xampp\htdocs\food\system\View\View.php(210): include('C:\\xampp\\htdocs...')
#2 C:\xampp\htdocs\food\system\View\View.php(213): CodeIgniter\View\View->CodeIgniter\View\{closure}()
#3 C:\xampp\htdocs\food\system\Common.php(1089): CodeIgniter\View\View->render('Admin/Categoria...', Array, true)
#4 C:\xampp\htdocs\food\app\Controllers\Admin\Categorias.php(28): view('Admin/Categoria...', Array)
#5 C:\xampp\htdocs\food\system\CodeIgniter.php(832): App\Controllers\Admin\Categorias->index()
#6 C:\xampp\htdocs\food\system\CodeIgniter.php(419): CodeIgniter\CodeIgniter->runController(Object(App\Controllers\Admin\Categorias))
#7 C:\xampp\htdocs\food\system\CodeIgniter.php(326): CodeIgniter\CodeIgniter->handleRequest(NULL, Object(Config\Cache), false)
#8 C:\xampp\htdocs\food\public\index.php(37): CodeIgniter\CodeIgniter->run()
#9 C:\xampp\htdocs\food\system\Commands\Server\rewrite.php(43): require_once('C:\\xampp\\htdocs...')
#10 {main}
CRITICAL - 2022-07-27 17:50:17 --> Call to a member function humanize() on string
#0 C:\xampp\htdocs\food\system\View\View.php(210): include()
#1 C:\xampp\htdocs\food\system\View\View.php(213): CodeIgniter\View\View->CodeIgniter\View\{closure}()
#2 C:\xampp\htdocs\food\system\Common.php(1089): CodeIgniter\View\View->render('Admin/Categoria...', Array, true)
#3 C:\xampp\htdocs\food\app\Controllers\Admin\Categorias.php(28): view('Admin/Categoria...', Array)
#4 C:\xampp\htdocs\food\system\CodeIgniter.php(832): App\Controllers\Admin\Categorias->index()
#5 C:\xampp\htdocs\food\system\CodeIgniter.php(419): CodeIgniter\CodeIgniter->runController(Object(App\Controllers\Admin\Categorias))
#6 C:\xampp\htdocs\food\system\CodeIgniter.php(326): CodeIgniter\CodeIgniter->handleRequest(NULL, Object(Config\Cache), false)
#7 C:\xampp\htdocs\food\public\index.php(37): CodeIgniter\CodeIgniter->run()
#8 C:\xampp\htdocs\food\system\Commands\Server\rewrite.php(43): require_once('C:\\xampp\\htdocs...')
#9 {main}
CRITICAL - 2022-07-27 17:51:07 --> Call to a member function humanize() on string
#0 C:\xampp\htdocs\food\system\View\View.php(210): include()
#1 C:\xampp\htdocs\food\system\View\View.php(213): CodeIgniter\View\View->CodeIgniter\View\{closure}()
#2 C:\xampp\htdocs\food\system\Common.php(1089): CodeIgniter\View\View->render('Admin/Categoria...', Array, true)
#3 C:\xampp\htdocs\food\app\Controllers\Admin\Categorias.php(28): view('Admin/Categoria...', Array)
#4 C:\xampp\htdocs\food\system\CodeIgniter.php(832): App\Controllers\Admin\Categorias->index()
#5 C:\xampp\htdocs\food\system\CodeIgniter.php(419): CodeIgniter\CodeIgniter->runController(Object(App\Controllers\Admin\Categorias))
#6 C:\xampp\htdocs\food\system\CodeIgniter.php(326): CodeIgniter\CodeIgniter->handleRequest(NULL, Object(Config\Cache), false)
#7 C:\xampp\htdocs\food\public\index.php(37): CodeIgniter\CodeIgniter->run()
#8 C:\xampp\htdocs\food\system\Commands\Server\rewrite.php(43): require_once('C:\\xampp\\htdocs...')
#9 {main}
CRITICAL - 2022-07-27 18:03:09 --> Call to a member function humanize() on string
#0 C:\xampp\htdocs\food\system\View\View.php(210): include()
#1 C:\xampp\htdocs\food\system\View\View.php(213): CodeIgniter\View\View->CodeIgniter\View\{closure}()
#2 C:\xampp\htdocs\food\system\Common.php(1089): CodeIgniter\View\View->render('Admin/Categoria...', Array, true)
#3 C:\xampp\htdocs\food\app\Controllers\Admin\Categorias.php(28): view('Admin/Categoria...', Array)
#4 C:\xampp\htdocs\food\system\CodeIgniter.php(832): App\Controllers\Admin\Categorias->index()
#5 C:\xampp\htdocs\food\system\CodeIgniter.php(419): CodeIgniter\CodeIgniter->runController(Object(App\Controllers\Admin\Categorias))
#6 C:\xampp\htdocs\food\system\CodeIgniter.php(326): CodeIgniter\CodeIgniter->handleRequest(NULL, Object(Config\Cache), false)
#7 C:\xampp\htdocs\food\public\index.php(37): CodeIgniter\CodeIgniter->run()
#8 C:\xampp\htdocs\food\system\Commands\Server\rewrite.php(43): require_once('C:\\xampp\\htdocs...')
#9 {main}
