CRITICAL - 2022-05-30 15:25:23 --> Undefined variable: titulo
#0 C:\xampp\htdocs\food\app\Views\Testes\index.php(3): CodeIgniter\Debug\Exceptions->errorHandler(8, 'Undefined varia...', 'C:\\xampp\\htdocs...', 3, Array)
#1 C:\xampp\htdocs\food\system\View\View.php(210): include('C:\\xampp\\htdocs...')
#2 C:\xampp\htdocs\food\system\View\View.php(213): CodeIgniter\View\View->CodeIgniter\View\{closure}()
#3 C:\xampp\htdocs\food\system\Common.php(1089): CodeIgniter\View\View->render('Testes/index', Array, true)
#4 C:\xampp\htdocs\food\app\Controllers\Testes.php(16): view('Testes/index')
#5 C:\xampp\htdocs\food\system\CodeIgniter.php(832): App\Controllers\Testes->index()
#6 C:\xampp\htdocs\food\system\CodeIgniter.php(419): CodeIgniter\CodeIgniter->runController(Object(App\Controllers\Testes))
#7 C:\xampp\htdocs\food\system\CodeIgniter.php(326): CodeIgniter\CodeIgniter->handleRequest(NULL, Object(Config\Cache), false)
#8 C:\xampp\htdocs\food\public\index.php(37): CodeIgniter\CodeIgniter->run()
#9 C:\xampp\htdocs\food\system\Commands\Server\rewrite.php(43): require_once('C:\\xampp\\htdocs...')
#10 {main}
CRITICAL - 2022-05-30 15:27:21 --> Undefined variable: titulo
#0 C:\xampp\htdocs\food\app\Views\Testes\index.php(3): CodeIgniter\Debug\Exceptions->errorHandler(8, 'Undefined varia...', 'C:\\xampp\\htdocs...', 3, Array)
#1 C:\xampp\htdocs\food\system\View\View.php(210): include('C:\\xampp\\htdocs...')
#2 C:\xampp\htdocs\food\system\View\View.php(213): CodeIgniter\View\View->CodeIgniter\View\{closure}()
#3 C:\xampp\htdocs\food\system\Common.php(1089): CodeIgniter\View\View->render('Testes/index', Array, true)
#4 C:\xampp\htdocs\food\app\Controllers\Testes.php(14): view('Testes/index')
#5 C:\xampp\htdocs\food\system\CodeIgniter.php(832): App\Controllers\Testes->index()
#6 C:\xampp\htdocs\food\system\CodeIgniter.php(419): CodeIgniter\CodeIgniter->runController(Object(App\Controllers\Testes))
#7 C:\xampp\htdocs\food\system\CodeIgniter.php(326): CodeIgniter\CodeIgniter->handleRequest(NULL, Object(Config\Cache), false)
#8 C:\xampp\htdocs\food\public\index.php(37): CodeIgniter\CodeIgniter->run()
#9 C:\xampp\htdocs\food\system\Commands\Server\rewrite.php(43): require_once('C:\\xampp\\htdocs...')
#10 {main}
