ERROR - 2022-06-09 17:10:36 --> Error connecting to the database: Access denied for user '****'@'localhost' (using password: NO)
CRITICAL - 2022-06-09 17:10:36 --> Unable to connect to the database.
Main connection [MySQLi]: Access denied for user '****'@'localhost' (using password: NO)
#0 C:\xampp\htdocs\food\system\Database\BaseConnection.php(577): CodeIgniter\Database\BaseConnection->initialize()
#1 C:\xampp\htdocs\food\system\Database\BaseBuilder.php(1455): CodeIgniter\Database\BaseConnection->query('SELECT *\nFROM `...', Array, false)
#2 C:\xampp\htdocs\food\system\Model.php(183): CodeIgniter\Database\BaseBuilder->get()
#3 C:\xampp\htdocs\food\system\BaseModel.php(584): CodeIgniter\Model->doFindAll(0, 0)
#4 C:\xampp\htdocs\food\app\Controllers\Admin\Usuarios.php(23): CodeIgniter\BaseModel->findAll()
#5 C:\xampp\htdocs\food\system\CodeIgniter.php(832): App\Controllers\Admin\Usuarios->index()
#6 C:\xampp\htdocs\food\system\CodeIgniter.php(419): CodeIgniter\CodeIgniter->runController(Object(App\Controllers\Admin\Usuarios))
#7 C:\xampp\htdocs\food\system\CodeIgniter.php(326): CodeIgniter\CodeIgniter->handleRequest(NULL, Object(Config\Cache), false)
#8 C:\xampp\htdocs\food\public\index.php(37): CodeIgniter\CodeIgniter->run()
#9 C:\xampp\htdocs\food\system\Commands\Server\rewrite.php(43): require_once('C:\\xampp\\htdocs...')
#10 {main}
ERROR - 2022-06-09 17:10:57 --> Error connecting to the database: Access denied for user '****'@'localhost' (using password: NO)
CRITICAL - 2022-06-09 17:10:57 --> Unable to connect to the database.
Main connection [MySQLi]: Access denied for user '****'@'localhost' (using password: NO)
#0 C:\xampp\htdocs\food\system\Database\BaseConnection.php(577): CodeIgniter\Database\BaseConnection->initialize()
#1 C:\xampp\htdocs\food\system\Database\BaseBuilder.php(1455): CodeIgniter\Database\BaseConnection->query('SELECT *\nFROM `...', Array, false)
#2 C:\xampp\htdocs\food\system\Model.php(183): CodeIgniter\Database\BaseBuilder->get()
#3 C:\xampp\htdocs\food\system\BaseModel.php(584): CodeIgniter\Model->doFindAll(0, 0)
#4 C:\xampp\htdocs\food\app\Controllers\Admin\Usuarios.php(23): CodeIgniter\BaseModel->findAll()
#5 C:\xampp\htdocs\food\system\CodeIgniter.php(832): App\Controllers\Admin\Usuarios->index()
#6 C:\xampp\htdocs\food\system\CodeIgniter.php(419): CodeIgniter\CodeIgniter->runController(Object(App\Controllers\Admin\Usuarios))
#7 C:\xampp\htdocs\food\system\CodeIgniter.php(326): CodeIgniter\CodeIgniter->handleRequest(NULL, Object(Config\Cache), false)
#8 C:\xampp\htdocs\food\public\index.php(37): CodeIgniter\CodeIgniter->run()
#9 C:\xampp\htdocs\food\system\Commands\Server\rewrite.php(43): require_once('C:\\xampp\\htdocs...')
#10 {main}
ERROR - 2022-06-09 17:11:00 --> Error connecting to the database: Access denied for user '****'@'localhost' (using password: NO)
CRITICAL - 2022-06-09 17:11:00 --> Unable to connect to the database.
Main connection [MySQLi]: Access denied for user '****'@'localhost' (using password: NO)
#0 C:\xampp\htdocs\food\system\Database\BaseConnection.php(577): CodeIgniter\Database\BaseConnection->initialize()
#1 C:\xampp\htdocs\food\system\Database\BaseBuilder.php(1455): CodeIgniter\Database\BaseConnection->query('SELECT *\nFROM `...', Array, false)
#2 C:\xampp\htdocs\food\system\Model.php(183): CodeIgniter\Database\BaseBuilder->get()
#3 C:\xampp\htdocs\food\system\BaseModel.php(584): CodeIgniter\Model->doFindAll(0, 0)
#4 C:\xampp\htdocs\food\app\Controllers\Admin\Usuarios.php(23): CodeIgniter\BaseModel->findAll()
#5 C:\xampp\htdocs\food\system\CodeIgniter.php(832): App\Controllers\Admin\Usuarios->index()
#6 C:\xampp\htdocs\food\system\CodeIgniter.php(419): CodeIgniter\CodeIgniter->runController(Object(App\Controllers\Admin\Usuarios))
#7 C:\xampp\htdocs\food\system\CodeIgniter.php(326): CodeIgniter\CodeIgniter->handleRequest(NULL, Object(Config\Cache), false)
#8 C:\xampp\htdocs\food\public\index.php(37): CodeIgniter\CodeIgniter->run()
#9 C:\xampp\htdocs\food\system\Commands\Server\rewrite.php(43): require_once('C:\\xampp\\htdocs...')
#10 {main}
ERROR - 2022-06-09 17:11:01 --> Error connecting to the database: Access denied for user '****'@'localhost' (using password: NO)
CRITICAL - 2022-06-09 17:11:01 --> Unable to connect to the database.
Main connection [MySQLi]: Access denied for user '****'@'localhost' (using password: NO)
#0 C:\xampp\htdocs\food\system\Database\BaseConnection.php(577): CodeIgniter\Database\BaseConnection->initialize()
#1 C:\xampp\htdocs\food\system\Database\BaseBuilder.php(1455): CodeIgniter\Database\BaseConnection->query('SELECT *\nFROM `...', Array, false)
#2 C:\xampp\htdocs\food\system\Model.php(183): CodeIgniter\Database\BaseBuilder->get()
#3 C:\xampp\htdocs\food\system\BaseModel.php(584): CodeIgniter\Model->doFindAll(0, 0)
#4 C:\xampp\htdocs\food\app\Controllers\Admin\Usuarios.php(23): CodeIgniter\BaseModel->findAll()
#5 C:\xampp\htdocs\food\system\CodeIgniter.php(832): App\Controllers\Admin\Usuarios->index()
#6 C:\xampp\htdocs\food\system\CodeIgniter.php(419): CodeIgniter\CodeIgniter->runController(Object(App\Controllers\Admin\Usuarios))
#7 C:\xampp\htdocs\food\system\CodeIgniter.php(326): CodeIgniter\CodeIgniter->handleRequest(NULL, Object(Config\Cache), false)
#8 C:\xampp\htdocs\food\public\index.php(37): CodeIgniter\CodeIgniter->run()
#9 C:\xampp\htdocs\food\system\Commands\Server\rewrite.php(43): require_once('C:\\xampp\\htdocs...')
#10 {main}
ERROR - 2022-06-09 17:11:01 --> Error connecting to the database: Access denied for user '****'@'localhost' (using password: NO)
CRITICAL - 2022-06-09 17:11:01 --> Unable to connect to the database.
Main connection [MySQLi]: Access denied for user '****'@'localhost' (using password: NO)
#0 C:\xampp\htdocs\food\system\Database\BaseConnection.php(577): CodeIgniter\Database\BaseConnection->initialize()
#1 C:\xampp\htdocs\food\system\Database\BaseBuilder.php(1455): CodeIgniter\Database\BaseConnection->query('SELECT *\nFROM `...', Array, false)
#2 C:\xampp\htdocs\food\system\Model.php(183): CodeIgniter\Database\BaseBuilder->get()
#3 C:\xampp\htdocs\food\system\BaseModel.php(584): CodeIgniter\Model->doFindAll(0, 0)
#4 C:\xampp\htdocs\food\app\Controllers\Admin\Usuarios.php(23): CodeIgniter\BaseModel->findAll()
#5 C:\xampp\htdocs\food\system\CodeIgniter.php(832): App\Controllers\Admin\Usuarios->index()
#6 C:\xampp\htdocs\food\system\CodeIgniter.php(419): CodeIgniter\CodeIgniter->runController(Object(App\Controllers\Admin\Usuarios))
#7 C:\xampp\htdocs\food\system\CodeIgniter.php(326): CodeIgniter\CodeIgniter->handleRequest(NULL, Object(Config\Cache), false)
#8 C:\xampp\htdocs\food\public\index.php(37): CodeIgniter\CodeIgniter->run()
#9 C:\xampp\htdocs\food\system\Commands\Server\rewrite.php(43): require_once('C:\\xampp\\htdocs...')
#10 {main}
ERROR - 2022-06-09 17:11:02 --> Error connecting to the database: Access denied for user '****'@'localhost' (using password: NO)
CRITICAL - 2022-06-09 17:11:02 --> Unable to connect to the database.
Main connection [MySQLi]: Access denied for user '****'@'localhost' (using password: NO)
#0 C:\xampp\htdocs\food\system\Database\BaseConnection.php(577): CodeIgniter\Database\BaseConnection->initialize()
#1 C:\xampp\htdocs\food\system\Database\BaseBuilder.php(1455): CodeIgniter\Database\BaseConnection->query('SELECT *\nFROM `...', Array, false)
#2 C:\xampp\htdocs\food\system\Model.php(183): CodeIgniter\Database\BaseBuilder->get()
#3 C:\xampp\htdocs\food\system\BaseModel.php(584): CodeIgniter\Model->doFindAll(0, 0)
#4 C:\xampp\htdocs\food\app\Controllers\Admin\Usuarios.php(23): CodeIgniter\BaseModel->findAll()
#5 C:\xampp\htdocs\food\system\CodeIgniter.php(832): App\Controllers\Admin\Usuarios->index()
#6 C:\xampp\htdocs\food\system\CodeIgniter.php(419): CodeIgniter\CodeIgniter->runController(Object(App\Controllers\Admin\Usuarios))
#7 C:\xampp\htdocs\food\system\CodeIgniter.php(326): CodeIgniter\CodeIgniter->handleRequest(NULL, Object(Config\Cache), false)
#8 C:\xampp\htdocs\food\public\index.php(37): CodeIgniter\CodeIgniter->run()
#9 C:\xampp\htdocs\food\system\Commands\Server\rewrite.php(43): require_once('C:\\xampp\\htdocs...')
#10 {main}
ERROR - 2022-06-09 17:11:05 --> Error connecting to the database: Access denied for user '****'@'localhost' (using password: NO)
CRITICAL - 2022-06-09 17:11:05 --> Unable to connect to the database.
Main connection [MySQLi]: Access denied for user '****'@'localhost' (using password: NO)
#0 C:\xampp\htdocs\food\system\Database\BaseConnection.php(577): CodeIgniter\Database\BaseConnection->initialize()
#1 C:\xampp\htdocs\food\system\Database\BaseBuilder.php(1455): CodeIgniter\Database\BaseConnection->query('SELECT *\nFROM `...', Array, false)
#2 C:\xampp\htdocs\food\system\Model.php(183): CodeIgniter\Database\BaseBuilder->get()
#3 C:\xampp\htdocs\food\system\BaseModel.php(584): CodeIgniter\Model->doFindAll(0, 0)
#4 C:\xampp\htdocs\food\app\Controllers\Admin\Usuarios.php(23): CodeIgniter\BaseModel->findAll()
#5 C:\xampp\htdocs\food\system\CodeIgniter.php(832): App\Controllers\Admin\Usuarios->index()
#6 C:\xampp\htdocs\food\system\CodeIgniter.php(419): CodeIgniter\CodeIgniter->runController(Object(App\Controllers\Admin\Usuarios))
#7 C:\xampp\htdocs\food\system\CodeIgniter.php(326): CodeIgniter\CodeIgniter->handleRequest(NULL, Object(Config\Cache), false)
#8 C:\xampp\htdocs\food\public\index.php(37): CodeIgniter\CodeIgniter->run()
#9 C:\xampp\htdocs\food\system\Commands\Server\rewrite.php(43): require_once('C:\\xampp\\htdocs...')
#10 {main}
