ERROR - 2022-06-01 01:55:02 --> Error connecting to the database: Nenhuma conexão pôde ser feita porque a máquina de destino as recusou ativamente.

CRITICAL - 2022-06-01 01:55:02 --> Unable to connect to the database.
Main connection [MySQLi]: Nenhuma conexão pôde ser feita porque a máquina de destino as recusou ativamente.

#0 C:\xampp\htdocs\food\system\Database\BaseConnection.php(577): CodeIgniter\Database\BaseConnection->initialize()
#1 C:\xampp\htdocs\food\system\Database\BaseConnection.php(1338): CodeIgniter\Database\BaseConnection->query('SHOW TABLES FRO...')
#2 C:\xampp\htdocs\food\system\Database\BaseConnection.php(1369): CodeIgniter\Database\BaseConnection->listTables()
#3 C:\xampp\htdocs\food\system\Database\MigrationRunner.php(754): CodeIgniter\Database\BaseConnection->tableExists('migrations')
#4 C:\xampp\htdocs\food\system\Database\MigrationRunner.php(634): CodeIgniter\Database\MigrationRunner->ensureTable()
#5 C:\xampp\htdocs\food\system\Commands\Database\MigrateStatus.php(111): CodeIgniter\Database\MigrationRunner->getHistory('')
#6 C:\xampp\htdocs\food\system\CLI\Commands.php(63): CodeIgniter\Commands\Database\MigrateStatus->run(Array)
#7 C:\xampp\htdocs\food\system\CLI\CommandRunner.php(70): CodeIgniter\CLI\Commands->run('migrate:status', Array)
#8 C:\xampp\htdocs\food\system\CLI\CommandRunner.php(56): CodeIgniter\CLI\CommandRunner->index(Array)
#9 C:\xampp\htdocs\food\system\CodeIgniter.php(830): CodeIgniter\CLI\CommandRunner->_remap('index', 'migrate:status')
#10 C:\xampp\htdocs\food\system\CodeIgniter.php(419): CodeIgniter\CodeIgniter->runController(Object(CodeIgniter\CLI\CommandRunner))
#11 C:\xampp\htdocs\food\system\CodeIgniter.php(326): CodeIgniter\CodeIgniter->handleRequest(NULL, Object(Config\Cache), false)
#12 C:\xampp\htdocs\food\system\CLI\Console.php(48): CodeIgniter\CodeIgniter->run()
#13 C:\xampp\htdocs\food\spark(63): CodeIgniter\CLI\Console->run()
#14 {main}
ERROR - 2022-06-01 02:05:46 --> Error connecting to the database: Nenhuma conexão pôde ser feita porque a máquina de destino as recusou ativamente.

CRITICAL - 2022-06-01 02:05:46 --> Unable to connect to the database.
Main connection [MySQLi]: Nenhuma conexão pôde ser feita porque a máquina de destino as recusou ativamente.

#0 C:\xampp\htdocs\food\system\Database\BaseConnection.php(577): CodeIgniter\Database\BaseConnection->initialize()
#1 C:\xampp\htdocs\food\system\Database\BaseBuilder.php(1455): CodeIgniter\Database\BaseConnection->query('SELECT *\nFROM `...', Array, false)
#2 C:\xampp\htdocs\food\system\Model.php(183): CodeIgniter\Database\BaseBuilder->get()
#3 C:\xampp\htdocs\food\system\BaseModel.php(584): CodeIgniter\Model->doFindAll(0, 0)
#4 C:\xampp\htdocs\food\app\Controllers\Admin\Usuarios.php(23): CodeIgniter\BaseModel->findAll()
#5 C:\xampp\htdocs\food\system\CodeIgniter.php(832): App\Controllers\Admin\Usuarios->index()
#6 C:\xampp\htdocs\food\system\CodeIgniter.php(419): CodeIgniter\CodeIgniter->runController(Object(App\Controllers\Admin\Usuarios))
#7 C:\xampp\htdocs\food\system\CodeIgniter.php(326): CodeIgniter\CodeIgniter->handleRequest(NULL, Object(Config\Cache), false)
#8 C:\xampp\htdocs\food\public\index.php(37): CodeIgniter\CodeIgniter->run()
#9 C:\xampp\htdocs\food\system\Commands\Server\rewrite.php(43): require_once('C:\\xampp\\htdocs...')
#10 {main}
ERROR - 2022-06-01 02:07:46 --> Error connecting to the database: Nenhuma conexão pôde ser feita porque a máquina de destino as recusou ativamente.

CRITICAL - 2022-06-01 02:07:46 --> Unable to connect to the database.
Main connection [MySQLi]: Nenhuma conexão pôde ser feita porque a máquina de destino as recusou ativamente.

#0 C:\xampp\htdocs\food\system\Database\BaseConnection.php(577): CodeIgniter\Database\BaseConnection->initialize()
#1 C:\xampp\htdocs\food\system\Database\BaseBuilder.php(1455): CodeIgniter\Database\BaseConnection->query('SELECT *\nFROM `...', Array, false)
#2 C:\xampp\htdocs\food\system\Model.php(183): CodeIgniter\Database\BaseBuilder->get()
#3 C:\xampp\htdocs\food\system\BaseModel.php(584): CodeIgniter\Model->doFindAll(0, 0)
#4 C:\xampp\htdocs\food\app\Controllers\Admin\Usuarios.php(23): CodeIgniter\BaseModel->findAll()
#5 C:\xampp\htdocs\food\system\CodeIgniter.php(832): App\Controllers\Admin\Usuarios->index()
#6 C:\xampp\htdocs\food\system\CodeIgniter.php(419): CodeIgniter\CodeIgniter->runController(Object(App\Controllers\Admin\Usuarios))
#7 C:\xampp\htdocs\food\system\CodeIgniter.php(326): CodeIgniter\CodeIgniter->handleRequest(NULL, Object(Config\Cache), false)
#8 C:\xampp\htdocs\food\public\index.php(37): CodeIgniter\CodeIgniter->run()
#9 C:\xampp\htdocs\food\system\Commands\Server\rewrite.php(43): require_once('C:\\xampp\\htdocs...')
#10 {main}
ERROR - 2022-06-01 02:08:54 --> Error connecting to the database: Nenhuma conexão pôde ser feita porque a máquina de destino as recusou ativamente.

CRITICAL - 2022-06-01 02:08:54 --> Unable to connect to the database.
Main connection [MySQLi]: Nenhuma conexão pôde ser feita porque a máquina de destino as recusou ativamente.

#0 C:\xampp\htdocs\food\system\Database\BaseConnection.php(577): CodeIgniter\Database\BaseConnection->initialize()
#1 C:\xampp\htdocs\food\system\Database\BaseBuilder.php(1455): CodeIgniter\Database\BaseConnection->query('SELECT *\nFROM `...', Array, false)
#2 C:\xampp\htdocs\food\system\Model.php(183): CodeIgniter\Database\BaseBuilder->get()
#3 C:\xampp\htdocs\food\system\BaseModel.php(584): CodeIgniter\Model->doFindAll(0, 0)
#4 C:\xampp\htdocs\food\app\Controllers\Admin\Usuarios.php(23): CodeIgniter\BaseModel->findAll()
#5 C:\xampp\htdocs\food\system\CodeIgniter.php(832): App\Controllers\Admin\Usuarios->index()
#6 C:\xampp\htdocs\food\system\CodeIgniter.php(419): CodeIgniter\CodeIgniter->runController(Object(App\Controllers\Admin\Usuarios))
#7 C:\xampp\htdocs\food\system\CodeIgniter.php(326): CodeIgniter\CodeIgniter->handleRequest(NULL, Object(Config\Cache), false)
#8 C:\xampp\htdocs\food\public\index.php(37): CodeIgniter\CodeIgniter->run()
#9 C:\xampp\htdocs\food\system\Commands\Server\rewrite.php(43): require_once('C:\\xampp\\htdocs...')
#10 {main}
ERROR - 2022-06-01 02:09:00 --> Error connecting to the database: Nenhuma conexão pôde ser feita porque a máquina de destino as recusou ativamente.

CRITICAL - 2022-06-01 02:09:00 --> Unable to connect to the database.
Main connection [MySQLi]: Nenhuma conexão pôde ser feita porque a máquina de destino as recusou ativamente.

#0 C:\xampp\htdocs\food\system\Database\BaseConnection.php(577): CodeIgniter\Database\BaseConnection->initialize()
#1 C:\xampp\htdocs\food\system\Database\BaseBuilder.php(1455): CodeIgniter\Database\BaseConnection->query('SELECT *\nFROM `...', Array, false)
#2 C:\xampp\htdocs\food\system\Model.php(183): CodeIgniter\Database\BaseBuilder->get()
#3 C:\xampp\htdocs\food\system\BaseModel.php(584): CodeIgniter\Model->doFindAll(0, 0)
#4 C:\xampp\htdocs\food\app\Controllers\Admin\Usuarios.php(23): CodeIgniter\BaseModel->findAll()
#5 C:\xampp\htdocs\food\system\CodeIgniter.php(832): App\Controllers\Admin\Usuarios->index()
#6 C:\xampp\htdocs\food\system\CodeIgniter.php(419): CodeIgniter\CodeIgniter->runController(Object(App\Controllers\Admin\Usuarios))
#7 C:\xampp\htdocs\food\system\CodeIgniter.php(326): CodeIgniter\CodeIgniter->handleRequest(NULL, Object(Config\Cache), false)
#8 C:\xampp\htdocs\food\public\index.php(37): CodeIgniter\CodeIgniter->run()
#9 C:\xampp\htdocs\food\system\Commands\Server\rewrite.php(43): require_once('C:\\xampp\\htdocs...')
#10 {main}
CRITICAL - 2022-06-01 02:10:13 --> Invalid file: Admin/Usuarios/index.php
#0 C:\xampp\htdocs\food\system\View\View.php(198): CodeIgniter\Exceptions\FrameworkException::forInvalidFile('Admin/Usuarios/...')
#1 C:\xampp\htdocs\food\system\Common.php(1089): CodeIgniter\View\View->render('Admin/Usuarios/...', Array, true)
#2 C:\xampp\htdocs\food\app\Controllers\Admin\Usuarios.php(27): view('Admin/Usuarios/...', Array)
#3 C:\xampp\htdocs\food\system\CodeIgniter.php(832): App\Controllers\Admin\Usuarios->index()
#4 C:\xampp\htdocs\food\system\CodeIgniter.php(419): CodeIgniter\CodeIgniter->runController(Object(App\Controllers\Admin\Usuarios))
#5 C:\xampp\htdocs\food\system\CodeIgniter.php(326): CodeIgniter\CodeIgniter->handleRequest(NULL, Object(Config\Cache), false)
#6 C:\xampp\htdocs\food\public\index.php(37): CodeIgniter\CodeIgniter->run()
#7 C:\xampp\htdocs\food\system\Commands\Server\rewrite.php(43): require_once('C:\\xampp\\htdocs...')
#8 {main}
CRITICAL - 2022-06-01 02:12:29 --> Invalid file: Admin/Usuarios/index.php
#0 C:\xampp\htdocs\food\system\View\View.php(198): CodeIgniter\Exceptions\FrameworkException::forInvalidFile('Admin/Usuarios/...')
#1 C:\xampp\htdocs\food\system\Common.php(1089): CodeIgniter\View\View->render('Admin/Usuarios/...', Array, true)
#2 C:\xampp\htdocs\food\app\Controllers\Admin\Usuarios.php(27): view('Admin/Usuarios/...', Array)
#3 C:\xampp\htdocs\food\system\CodeIgniter.php(832): App\Controllers\Admin\Usuarios->index()
#4 C:\xampp\htdocs\food\system\CodeIgniter.php(419): CodeIgniter\CodeIgniter->runController(Object(App\Controllers\Admin\Usuarios))
#5 C:\xampp\htdocs\food\system\CodeIgniter.php(326): CodeIgniter\CodeIgniter->handleRequest(NULL, Object(Config\Cache), false)
#6 C:\xampp\htdocs\food\public\index.php(37): CodeIgniter\CodeIgniter->run()
#7 C:\xampp\htdocs\food\system\Commands\Server\rewrite.php(43): require_once('C:\\xampp\\htdocs...')
#8 {main}
CRITICAL - 2022-06-01 02:23:08 --> Trying to get property 'nome' of non-object
#0 C:\xampp\htdocs\food\app\Views\Admin\Usuarios\index.php(37): CodeIgniter\Debug\Exceptions->errorHandler(8, 'Trying to get p...', 'C:\\xampp\\htdocs...', 37, Array)
#1 C:\xampp\htdocs\food\system\View\View.php(210): include('C:\\xampp\\htdocs...')
#2 C:\xampp\htdocs\food\system\View\View.php(213): CodeIgniter\View\View->CodeIgniter\View\{closure}()
#3 C:\xampp\htdocs\food\system\Common.php(1089): CodeIgniter\View\View->render('Admin/Usuarios/...', Array, true)
#4 C:\xampp\htdocs\food\app\Controllers\Admin\Usuarios.php(27): view('Admin/Usuarios/...', Array)
#5 C:\xampp\htdocs\food\system\CodeIgniter.php(832): App\Controllers\Admin\Usuarios->index()
#6 C:\xampp\htdocs\food\system\CodeIgniter.php(419): CodeIgniter\CodeIgniter->runController(Object(App\Controllers\Admin\Usuarios))
#7 C:\xampp\htdocs\food\system\CodeIgniter.php(326): CodeIgniter\CodeIgniter->handleRequest(NULL, Object(Config\Cache), false)
#8 C:\xampp\htdocs\food\public\index.php(37): CodeIgniter\CodeIgniter->run()
#9 C:\xampp\htdocs\food\system\Commands\Server\rewrite.php(43): require_once('C:\\xampp\\htdocs...')
#10 {main}
